<?xml version="1.0" encoding="utf-8"?><testsuites name="pytest tests"><testsuite name="pytest" errors="0" failures="0" skipped="0" tests="21" time="3.450" timestamp="2026-04-02T08:36:48.371034+00:00" hostname="agent-env-ef166a62-7fdb-4e2f-b7d2-97963c9cc99e"><testcase classname="backend.tests.test_robokoshal.TestAuth" name="test_login_success" time="0.435" /><testcase classname="backend.tests.test_robokoshal.TestAuth" name="test_login_wrong_password" time="0.363" /><testcase classname="backend.tests.test_robokoshal.TestAuth" name="test_get_me" time="0.428" /><testcase classname="backend.tests.test_robokoshal.TestTeam" name="test_get_team_returns_4_members" time="0.120" /><testcase classname="backend.tests.test_robokoshal.TestTeam" name="test_team_member_structure" time="0.137" /><testcase classname="backend.tests.test_robokoshal.TestPortfolio" name="test_get_portfolio_returns_5_items" time="0.097" /><testcase classname="backend.tests.test_robokoshal.TestPortfolio" name="test_portfolio_item_structure" time="0.117" /><testcase classname="backend.tests.test_robokoshal.TestPrograms" name="test_get_all_programs" time="0.139" /><testcase classname="backend.tests.test_robokoshal.TestPrograms" name="test_get_btech_program" time="0.097" /><testcase classname="backend.tests.test_robokoshal.TestPrograms" name="test_get_diploma_program" time="0.114" /><testcase classname="backend.tests.test_robokoshal.TestPrograms" name="test_get_partner_diploma_program" time="0.097" /><testcase classname="backend.tests.test_robokoshal.TestPrograms" name="test_get_nonexistent_program" time="0.111" /><testcase classname="backend.tests.test_robokoshal.TestFinance" name="test_get_btech_finance" time="0.135" /><testcase classname="backend.tests.test_robokoshal.TestFinance" name="test_get_diploma_finance" time="0.101" /><testcase classname="backend.tests.test_robokoshal.TestFinance" name="test_get_partner_diploma_finance" time="0.104" /><testcase classname="backend.tests.test_robokoshal.TestLabPlanner" name="test_get_lab_items" time="0.144" /><testcase classname="backend.tests.test_robokoshal.TestLabPlanner" name="test_lab_items_have_categories" time="0.098" /><testcase classname="backend.tests.test_robokoshal.TestLabPlanner" name="test_lab_item_structure" time="0.103" /><testcase classname="backend.tests.test_robokoshal.TestTestimonials" name="test_get_testimonials" time="0.095" /><testcase classname="backend.tests.test_robokoshal.TestUsers" name="test_get_users_requires_auth" time="0.104" /><testcase classname="backend.tests.test_robokoshal.TestUsers" name="test_get_users_as_admin" time="0.166" /></testsuite></testsuites>